<?xml version="1.0" encoding="UTF-8"?>
<testng-results skipped="0" failed="0" ignored="0" total="1" passed="1">
  <reporter-output>
  </reporter-output>
  <suite name="Suite" duration-ms="432" started-at="2018-10-26T10:53:04Z" finished-at="2018-10-26T10:53:04Z">
    <groups>
    </groups>
    <test name="Test" duration-ms="432" started-at="2018-10-26T10:53:04Z" finished-at="2018-10-26T10:53:04Z">
      <class name="Tests.TC_001">
        <test-method status="PASS" signature="testCase()[pri:0, instance:Tests.TC_001@e45eb6]" name="testCase" duration-ms="150" started-at="2018-10-26T12:53:04Z" finished-at="2018-10-26T12:53:04Z">
          <reporter-output>
          </reporter-output>
        </test-method> <!-- testCase -->
      </class> <!-- Tests.TC_001 -->
    </test> <!-- Test -->
  </suite> <!-- Suite -->
</testng-results>
